{"level":"info","message":"request_start","method":"GET","path":"/health","request_id":"fa973d3a-74f7-4d40-b709-b7a4672552f1","timestamp":"2025-12-27T08:38:04.151Z"}
{"level":"info","message":"request_end","request_id":"fa973d3a-74f7-4d40-b709-b7a4672552f1","status_code":200,"timestamp":"2025-12-27T08:38:04.156Z"}
{"level":"info","message":"request_start","method":"GET","path":"/health","request_id":"3661e161-b8a0-48b6-8731-98b4954394d3","timestamp":"2025-12-27T08:38:04.888Z"}
{"level":"info","message":"request_end","request_id":"3661e161-b8a0-48b6-8731-98b4954394d3","status_code":200,"timestamp":"2025-12-27T08:38:04.889Z"}
{"level":"info","message":"request_start","method":"GET","path":"/metrics","request_id":"5edd3f52-2a56-4400-a760-10c3a400d9cf","timestamp":"2025-12-27T08:38:05.615Z"}
{"level":"info","message":"request_end","request_id":"5edd3f52-2a56-4400-a760-10c3a400d9cf","status_code":200,"timestamp":"2025-12-27T08:38:05.627Z"}
{"level":"info","message":"request_start","method":"GET","path":"/health","request_id":"b91965c1-284b-4c0b-a958-02bd7ac3bd69","timestamp":"2025-12-27T08:38:05.661Z"}
{"level":"info","message":"request_end","request_id":"b91965c1-284b-4c0b-a958-02bd7ac3bd69","status_code":200,"timestamp":"2025-12-27T08:38:05.661Z"}
{"level":"info","message":"request_start","method":"GET","path":"/metrics","request_id":"3b86cbfc-5557-41e5-a040-3536c90b8a04","timestamp":"2025-12-27T08:38:20.615Z"}
{"level":"info","message":"request_end","request_id":"3b86cbfc-5557-41e5-a040-3536c90b8a04","status_code":200,"timestamp":"2025-12-27T08:38:20.621Z"}
{"level":"info","message":"request_start","method":"GET","path":"/metrics","request_id":"a7ae1754-4b10-4bc3-9bfc-cd3d0359ae0f","timestamp":"2025-12-27T08:38:35.618Z"}
{"level":"info","message":"request_end","request_id":"a7ae1754-4b10-4bc3-9bfc-cd3d0359ae0f","status_code":200,"timestamp":"2025-12-27T08:38:35.624Z"}
{"level":"info","message":"request_start","method":"GET","path":"/metrics","request_id":"258b9a56-a7c9-49e1-ab42-62ea95dc7c1b","timestamp":"2025-12-27T08:38:50.619Z"}
{"level":"info","message":"request_end","request_id":"258b9a56-a7c9-49e1-ab42-62ea95dc7c1b","status_code":200,"timestamp":"2025-12-27T08:38:50.626Z"}
{"level":"info","message":"request_start","method":"GET","path":"/metrics","request_id":"daaf2ce4-82cf-4a4e-a095-1f4d24a6f4e6","timestamp":"2025-12-27T08:39:05.618Z"}
{"level":"info","message":"request_end","request_id":"daaf2ce4-82cf-4a4e-a095-1f4d24a6f4e6","status_code":200,"timestamp":"2025-12-27T08:39:05.624Z"}
{"level":"info","message":"request_start","method":"GET","path":"/metrics","request_id":"03e01c2b-e56b-410e-8344-f48702bbb5f2","timestamp":"2025-12-27T08:39:20.618Z"}
{"level":"info","message":"request_end","request_id":"03e01c2b-e56b-410e-8344-f48702bbb5f2","status_code":200,"timestamp":"2025-12-27T08:39:20.624Z"}
{"level":"info","message":"request_start","method":"GET","path":"/metrics","request_id":"2cb6224f-5efe-4516-b58e-8b7feee39d78","timestamp":"2025-12-27T08:39:35.616Z"}
{"level":"info","message":"request_end","request_id":"2cb6224f-5efe-4516-b58e-8b7feee39d78","status_code":200,"timestamp":"2025-12-27T08:39:35.621Z"}
{"level":"info","message":"request_start","method":"GET","path":"/metrics","request_id":"8365d88b-dc47-4748-ab26-c834ba7d2881","timestamp":"2025-12-27T08:39:50.616Z"}
{"level":"info","message":"request_end","request_id":"8365d88b-dc47-4748-ab26-c834ba7d2881","status_code":200,"timestamp":"2025-12-27T08:39:50.621Z"}
{"level":"info","message":"request_start","method":"GET","path":"/metrics","request_id":"1730e5ef-099d-4fd2-af57-6a8083489f67","timestamp":"2025-12-27T08:40:05.616Z"}
{"level":"info","message":"request_end","request_id":"1730e5ef-099d-4fd2-af57-6a8083489f67","status_code":200,"timestamp":"2025-12-27T08:40:05.622Z"}
{"level":"info","message":"request_start","method":"GET","path":"/metrics","request_id":"c750aad5-cabc-4fd4-94c2-9941a215f030","timestamp":"2025-12-27T08:40:20.611Z"}
{"level":"info","message":"request_end","request_id":"c750aad5-cabc-4fd4-94c2-9941a215f030","status_code":200,"timestamp":"2025-12-27T08:40:20.613Z"}
{"level":"info","message":"request_start","method":"GET","path":"/metrics","request_id":"b487bbcb-89a2-45e6-8162-b372c6d0eaa7","timestamp":"2025-12-27T08:40:35.613Z"}
{"level":"info","message":"request_end","request_id":"b487bbcb-89a2-45e6-8162-b372c6d0eaa7","status_code":200,"timestamp":"2025-12-27T08:40:35.618Z"}
{"level":"info","message":"request_start","method":"GET","path":"/metrics","request_id":"3af61e05-61a2-4674-a11d-f37da0c2ae23","timestamp":"2025-12-27T08:40:50.614Z"}
{"level":"info","message":"request_end","request_id":"3af61e05-61a2-4674-a11d-f37da0c2ae23","status_code":200,"timestamp":"2025-12-27T08:40:50.619Z"}
{"level":"info","message":"request_start","method":"GET","path":"/metrics","request_id":"db7cab79-7c83-46b6-b84f-58476460fb06","timestamp":"2025-12-27T08:41:05.612Z"}
{"level":"info","message":"request_end","request_id":"db7cab79-7c83-46b6-b84f-58476460fb06","status_code":200,"timestamp":"2025-12-27T08:41:05.617Z"}
{"level":"info","message":"request_start","method":"GET","path":"/metrics","request_id":"ee76ad24-fb04-4732-b60e-202f8d64db76","timestamp":"2025-12-27T08:41:20.610Z"}
{"level":"info","message":"request_end","request_id":"ee76ad24-fb04-4732-b60e-202f8d64db76","status_code":200,"timestamp":"2025-12-27T08:41:20.615Z"}
{"level":"info","message":"request_start","method":"GET","path":"/metrics","request_id":"2e5ebf39-736f-4424-b8c4-80290f57fc21","timestamp":"2025-12-27T08:41:35.607Z"}
{"level":"info","message":"request_end","request_id":"2e5ebf39-736f-4424-b8c4-80290f57fc21","status_code":200,"timestamp":"2025-12-27T08:41:35.612Z"}
{"level":"info","message":"request_start","method":"GET","path":"/metrics","request_id":"762687e2-0deb-4860-baf4-9743d0c274a3","timestamp":"2025-12-27T08:41:50.609Z"}
{"level":"info","message":"request_end","request_id":"762687e2-0deb-4860-baf4-9743d0c274a3","status_code":200,"timestamp":"2025-12-27T08:41:50.613Z"}
{"level":"info","message":"request_start","method":"GET","path":"/metrics","request_id":"586dbccf-af6c-49e6-9835-2b21d564997c","timestamp":"2025-12-27T08:42:05.607Z"}
{"level":"info","message":"request_end","request_id":"586dbccf-af6c-49e6-9835-2b21d564997c","status_code":200,"timestamp":"2025-12-27T08:42:05.613Z"}
{"level":"info","message":"request_start","method":"GET","path":"/metrics","request_id":"12941b28-eafc-4856-8327-c26d2f20ca60","timestamp":"2025-12-27T08:42:20.608Z"}
{"level":"info","message":"request_end","request_id":"12941b28-eafc-4856-8327-c26d2f20ca60","status_code":200,"timestamp":"2025-12-27T08:42:20.613Z"}
{"level":"info","message":"request_start","method":"GET","path":"/metrics","request_id":"f833e273-0daf-438a-9b7e-1d51559e5c11","timestamp":"2025-12-27T08:42:35.607Z"}
{"level":"info","message":"request_end","request_id":"f833e273-0daf-438a-9b7e-1d51559e5c11","status_code":200,"timestamp":"2025-12-27T08:42:35.612Z"}
{"level":"info","message":"request_start","method":"GET","path":"/metrics","request_id":"1e5eca63-4f8e-4ea6-8d82-7c58fdc51823","timestamp":"2025-12-27T08:42:50.609Z"}
{"level":"info","message":"request_end","request_id":"1e5eca63-4f8e-4ea6-8d82-7c58fdc51823","status_code":200,"timestamp":"2025-12-27T08:42:50.614Z"}
{"level":"info","message":"request_start","method":"GET","path":"/metrics","request_id":"44627190-e9d0-4d03-b6df-d8864a2884e4","timestamp":"2025-12-27T08:43:05.602Z"}
{"level":"info","message":"request_end","request_id":"44627190-e9d0-4d03-b6df-d8864a2884e4","status_code":200,"timestamp":"2025-12-27T08:43:05.606Z"}
{"level":"info","message":"request_start","method":"GET","path":"/metrics","request_id":"b0c2fe04-79b4-4c75-8e00-9fd63419c300","timestamp":"2025-12-27T08:43:20.612Z"}
{"level":"info","message":"request_end","request_id":"b0c2fe04-79b4-4c75-8e00-9fd63419c300","status_code":200,"timestamp":"2025-12-27T08:43:20.616Z"}
{"level":"info","message":"request_start","method":"GET","path":"/metrics","request_id":"0b3634b6-490f-4c30-b1a1-9a825ba30fd5","timestamp":"2025-12-27T08:43:35.604Z"}
{"level":"info","message":"request_end","request_id":"0b3634b6-490f-4c30-b1a1-9a825ba30fd5","status_code":200,"timestamp":"2025-12-27T08:43:35.610Z"}
{"level":"info","message":"request_start","method":"GET","path":"/metrics","request_id":"3dedf38b-ad2d-41bc-8563-b59ccaccd6e6","timestamp":"2025-12-27T08:43:50.610Z"}
{"level":"info","message":"request_end","request_id":"3dedf38b-ad2d-41bc-8563-b59ccaccd6e6","status_code":200,"timestamp":"2025-12-27T08:43:50.614Z"}
{"level":"info","message":"request_start","method":"GET","path":"/metrics","request_id":"14c19cc9-2844-4370-91e0-3374d0610129","timestamp":"2025-12-27T08:44:05.604Z"}
{"level":"info","message":"request_end","request_id":"14c19cc9-2844-4370-91e0-3374d0610129","status_code":200,"timestamp":"2025-12-27T08:44:05.609Z"}
{"level":"info","message":"request_start","method":"GET","path":"/metrics","request_id":"92f46b00-4480-4e46-95f0-afeb89dd7253","timestamp":"2025-12-27T08:44:20.606Z"}
{"level":"info","message":"request_end","request_id":"92f46b00-4480-4e46-95f0-afeb89dd7253","status_code":200,"timestamp":"2025-12-27T08:44:20.610Z"}
{"level":"info","message":"request_start","method":"GET","path":"/metrics","request_id":"72198d51-5987-4842-8f31-5e5b53075f61","timestamp":"2025-12-27T08:44:35.611Z"}
{"level":"info","message":"request_end","request_id":"72198d51-5987-4842-8f31-5e5b53075f61","status_code":200,"timestamp":"2025-12-27T08:44:35.616Z"}
{"level":"info","message":"request_start","method":"GET","path":"/metrics","request_id":"63058407-41c1-4ffa-835f-67bfc1d40be2","timestamp":"2025-12-27T08:44:50.607Z"}
{"level":"info","message":"request_end","request_id":"63058407-41c1-4ffa-835f-67bfc1d40be2","status_code":200,"timestamp":"2025-12-27T08:44:50.613Z"}
{"level":"info","message":"request_start","method":"GET","path":"/metrics","request_id":"08a27902-27be-4db8-9b79-c62ceefc22ac","timestamp":"2025-12-27T08:45:05.604Z"}
{"level":"info","message":"request_end","request_id":"08a27902-27be-4db8-9b79-c62ceefc22ac","status_code":200,"timestamp":"2025-12-27T08:45:05.608Z"}
{"level":"info","message":"request_start","method":"GET","path":"/metrics","request_id":"4114c0f0-e2a7-4f33-9433-e3ca00db90b8","timestamp":"2025-12-27T08:45:20.606Z"}
{"level":"info","message":"request_end","request_id":"4114c0f0-e2a7-4f33-9433-e3ca00db90b8","status_code":200,"timestamp":"2025-12-27T08:45:20.610Z"}
{"level":"info","message":"request_start","method":"GET","path":"/metrics","request_id":"d8272e2b-a02c-48e8-babb-e7b763307fb2","timestamp":"2025-12-27T08:45:35.609Z"}
{"level":"info","message":"request_end","request_id":"d8272e2b-a02c-48e8-babb-e7b763307fb2","status_code":200,"timestamp":"2025-12-27T08:45:35.615Z"}
{"level":"info","message":"request_start","method":"GET","path":"/metrics","request_id":"198a55df-3c52-4d27-a463-2b4346c6aeef","timestamp":"2025-12-27T08:45:50.612Z"}
{"level":"info","message":"request_end","request_id":"198a55df-3c52-4d27-a463-2b4346c6aeef","status_code":200,"timestamp":"2025-12-27T08:45:50.616Z"}
{"level":"info","message":"request_start","method":"GET","path":"/metrics","request_id":"8b1c1c97-13af-46fa-a706-23890b29f487","timestamp":"2025-12-27T08:46:05.605Z"}
{"level":"info","message":"request_end","request_id":"8b1c1c97-13af-46fa-a706-23890b29f487","status_code":200,"timestamp":"2025-12-27T08:46:05.610Z"}
{"level":"info","message":"request_start","method":"GET","path":"/metrics","request_id":"45e2eb7f-7fdf-4d70-b027-7fc11be31301","timestamp":"2025-12-27T08:46:20.609Z"}
{"level":"info","message":"request_end","request_id":"45e2eb7f-7fdf-4d70-b027-7fc11be31301","status_code":200,"timestamp":"2025-12-27T08:46:20.614Z"}
{"level":"info","message":"request_start","method":"GET","path":"/metrics","request_id":"d9ef77c5-f144-4b12-bf32-b49b39504f70","timestamp":"2025-12-27T08:46:35.607Z"}
{"level":"info","message":"request_end","request_id":"d9ef77c5-f144-4b12-bf32-b49b39504f70","status_code":200,"timestamp":"2025-12-27T08:46:35.610Z"}
{"level":"info","message":"request_start","method":"GET","path":"/metrics","request_id":"ff74c455-2b45-41b4-9af8-c9b3ecf333f1","timestamp":"2025-12-27T08:46:50.612Z"}
{"level":"info","message":"request_end","request_id":"ff74c455-2b45-41b4-9af8-c9b3ecf333f1","status_code":200,"timestamp":"2025-12-27T08:46:50.617Z"}
{"level":"info","message":"request_start","method":"GET","path":"/metrics","request_id":"dffe1d1c-8fa9-4b28-b0d6-839418d59347","timestamp":"2025-12-27T08:47:05.606Z"}
{"level":"info","message":"request_end","request_id":"dffe1d1c-8fa9-4b28-b0d6-839418d59347","status_code":200,"timestamp":"2025-12-27T08:47:05.610Z"}
{"level":"info","message":"request_start","method":"GET","path":"/metrics","request_id":"b5d00c4f-cf2d-4bee-8564-8b0b79f8a95e","timestamp":"2025-12-27T08:47:20.611Z"}
{"level":"info","message":"request_end","request_id":"b5d00c4f-cf2d-4bee-8564-8b0b79f8a95e","status_code":200,"timestamp":"2025-12-27T08:47:20.615Z"}
{"level":"info","message":"request_start","method":"GET","path":"/metrics","request_id":"bb6b1cae-4a58-4b39-8edf-f44f808b7aec","timestamp":"2025-12-27T08:47:35.605Z"}
{"level":"info","message":"request_end","request_id":"bb6b1cae-4a58-4b39-8edf-f44f808b7aec","status_code":200,"timestamp":"2025-12-27T08:47:35.609Z"}
{"level":"info","message":"request_start","method":"GET","path":"/metrics","request_id":"a57369d4-84ac-469c-a942-01943c3f2bd1","timestamp":"2025-12-27T08:47:50.611Z"}
{"level":"info","message":"request_end","request_id":"a57369d4-84ac-469c-a942-01943c3f2bd1","status_code":200,"timestamp":"2025-12-27T08:47:50.615Z"}
{"level":"info","message":"request_start","method":"GET","path":"/metrics","request_id":"c9cba8dd-65d6-443b-a472-ad8fa8a5afad","timestamp":"2025-12-27T08:48:05.613Z"}
{"level":"info","message":"request_end","request_id":"c9cba8dd-65d6-443b-a472-ad8fa8a5afad","status_code":200,"timestamp":"2025-12-27T08:48:05.618Z"}
{"level":"info","message":"request_start","method":"GET","path":"/metrics","request_id":"259e307e-22aa-4308-bb9a-856a5b89eecc","timestamp":"2025-12-27T08:48:20.608Z"}
{"level":"info","message":"request_end","request_id":"259e307e-22aa-4308-bb9a-856a5b89eecc","status_code":200,"timestamp":"2025-12-27T08:48:20.612Z"}
{"level":"info","message":"request_start","method":"GET","path":"/metrics","request_id":"47f86cc7-f3e4-42fd-b25e-ad915e9d93b6","timestamp":"2025-12-27T08:48:35.605Z"}
{"level":"info","message":"request_end","request_id":"47f86cc7-f3e4-42fd-b25e-ad915e9d93b6","status_code":200,"timestamp":"2025-12-27T08:48:35.609Z"}
{"level":"info","message":"request_start","method":"GET","path":"/metrics","request_id":"6334fb0a-8359-4404-bc9a-1047093e8673","timestamp":"2025-12-27T08:48:50.610Z"}
{"level":"info","message":"request_end","request_id":"6334fb0a-8359-4404-bc9a-1047093e8673","status_code":200,"timestamp":"2025-12-27T08:48:50.615Z"}
{"level":"info","message":"request_start","method":"GET","path":"/metrics","request_id":"5c8e29f4-1c2c-4560-a95b-985adb0d631c","timestamp":"2025-12-27T08:49:05.601Z"}
{"level":"info","message":"request_end","request_id":"5c8e29f4-1c2c-4560-a95b-985adb0d631c","status_code":200,"timestamp":"2025-12-27T08:49:05.606Z"}
{"level":"info","message":"request_start","method":"GET","path":"/metrics","request_id":"e4a4f7a1-77fa-4897-bec3-2711710e1aa3","timestamp":"2025-12-27T08:49:20.610Z"}
{"level":"info","message":"request_end","request_id":"e4a4f7a1-77fa-4897-bec3-2711710e1aa3","status_code":200,"timestamp":"2025-12-27T08:49:20.615Z"}
{"level":"info","message":"request_start","method":"GET","path":"/metrics","request_id":"6ac7ed88-3639-4891-924e-38fe2ade347e","timestamp":"2025-12-27T08:49:35.609Z"}
{"level":"info","message":"request_end","request_id":"6ac7ed88-3639-4891-924e-38fe2ade347e","status_code":200,"timestamp":"2025-12-27T08:49:35.614Z"}
{"level":"info","message":"request_start","method":"GET","path":"/metrics","request_id":"fabd1326-9500-4d56-83c6-920beb503872","timestamp":"2025-12-27T08:49:50.600Z"}
{"level":"info","message":"request_end","request_id":"fabd1326-9500-4d56-83c6-920beb503872","status_code":200,"timestamp":"2025-12-27T08:49:50.605Z"}
{"level":"info","message":"request_start","method":"GET","path":"/metrics","request_id":"43cf6bda-b0a0-416a-a1fc-3df0b7734ac6","timestamp":"2025-12-27T08:50:05.605Z"}
{"level":"info","message":"request_end","request_id":"43cf6bda-b0a0-416a-a1fc-3df0b7734ac6","status_code":200,"timestamp":"2025-12-27T08:50:05.610Z"}
{"level":"info","message":"request_start","method":"GET","path":"/metrics","request_id":"d4424c6d-5e97-4708-b633-2259a40522a0","timestamp":"2025-12-27T08:50:20.601Z"}
{"level":"info","message":"request_end","request_id":"d4424c6d-5e97-4708-b633-2259a40522a0","status_code":200,"timestamp":"2025-12-27T08:50:20.605Z"}
{"level":"info","message":"request_start","method":"GET","path":"/metrics","request_id":"9d3d23f3-ab75-4908-ae98-ecd7a92be875","timestamp":"2025-12-27T08:50:35.598Z"}
{"level":"info","message":"request_end","request_id":"9d3d23f3-ab75-4908-ae98-ecd7a92be875","status_code":200,"timestamp":"2025-12-27T08:50:35.604Z"}
{"level":"info","message":"request_start","method":"GET","path":"/metrics","request_id":"e7527889-e641-43a6-9324-693944620cd1","timestamp":"2025-12-27T08:50:50.602Z"}
{"level":"info","message":"request_end","request_id":"e7527889-e641-43a6-9324-693944620cd1","status_code":200,"timestamp":"2025-12-27T08:50:50.607Z"}
{"level":"info","message":"request_start","method":"GET","path":"/metrics","request_id":"1f3d2360-1bde-404f-a3e6-5d81fe5683ef","timestamp":"2025-12-27T08:51:05.601Z"}
{"level":"info","message":"request_end","request_id":"1f3d2360-1bde-404f-a3e6-5d81fe5683ef","status_code":200,"timestamp":"2025-12-27T08:51:05.606Z"}
{"level":"info","message":"request_start","method":"GET","path":"/metrics","request_id":"96faa8e4-6601-42f1-a0d5-73788cab4e20","timestamp":"2025-12-27T08:51:20.609Z"}
{"level":"info","message":"request_end","request_id":"96faa8e4-6601-42f1-a0d5-73788cab4e20","status_code":200,"timestamp":"2025-12-27T08:51:20.614Z"}
{"level":"info","message":"request_start","method":"GET","path":"/metrics","request_id":"dc02964d-f326-4a07-bc56-b83eec4e01b3","timestamp":"2025-12-27T08:51:35.599Z"}
{"level":"info","message":"request_end","request_id":"dc02964d-f326-4a07-bc56-b83eec4e01b3","status_code":200,"timestamp":"2025-12-27T08:51:35.604Z"}
{"level":"info","message":"request_start","method":"GET","path":"/metrics","request_id":"a0215e0d-a2bb-4cbb-a597-b83f4d8cf08b","timestamp":"2025-12-27T08:51:50.602Z"}
{"level":"info","message":"request_end","request_id":"a0215e0d-a2bb-4cbb-a597-b83f4d8cf08b","status_code":200,"timestamp":"2025-12-27T08:51:50.606Z"}
{"level":"info","message":"request_start","method":"GET","path":"/metrics","request_id":"56c04dbd-7010-4584-9d5b-6905a7b34732","timestamp":"2025-12-27T08:52:05.601Z"}
{"level":"info","message":"request_end","request_id":"56c04dbd-7010-4584-9d5b-6905a7b34732","status_code":200,"timestamp":"2025-12-27T08:52:05.605Z"}
{"level":"info","message":"request_start","method":"GET","path":"/metrics","request_id":"e10457b7-dd3e-4d4d-80b5-3408148fed3a","timestamp":"2025-12-27T08:52:20.601Z"}
{"level":"info","message":"request_end","request_id":"e10457b7-dd3e-4d4d-80b5-3408148fed3a","status_code":200,"timestamp":"2025-12-27T08:52:20.605Z"}
{"level":"info","message":"request_start","method":"GET","path":"/metrics","request_id":"9e593518-813b-4da6-a530-69adf116c80c","timestamp":"2025-12-27T08:52:35.601Z"}
{"level":"info","message":"request_end","request_id":"9e593518-813b-4da6-a530-69adf116c80c","status_code":200,"timestamp":"2025-12-27T08:52:35.605Z"}
{"level":"info","message":"request_start","method":"GET","path":"/metrics","request_id":"45d2be1f-d6e9-45a6-880a-b31ee037e917","timestamp":"2025-12-27T08:52:50.602Z"}
{"level":"info","message":"request_end","request_id":"45d2be1f-d6e9-45a6-880a-b31ee037e917","status_code":200,"timestamp":"2025-12-27T08:52:50.607Z"}
{"level":"info","message":"request_start","method":"GET","path":"/metrics","request_id":"320ca8f1-c1a1-44ad-ace0-3a157247cb63","timestamp":"2025-12-27T08:53:05.597Z"}
{"level":"info","message":"request_end","request_id":"320ca8f1-c1a1-44ad-ace0-3a157247cb63","status_code":200,"timestamp":"2025-12-27T08:53:05.602Z"}
{"level":"info","message":"request_start","method":"GET","path":"/metrics","request_id":"56984140-d3dc-47b0-9064-63c9d9ca8b5a","timestamp":"2025-12-27T08:53:20.606Z"}
{"level":"info","message":"request_end","request_id":"56984140-d3dc-47b0-9064-63c9d9ca8b5a","status_code":200,"timestamp":"2025-12-27T08:53:20.610Z"}
{"level":"info","message":"request_start","method":"GET","path":"/metrics","request_id":"3e8f8b82-6869-487d-bad8-8cee8957a15d","timestamp":"2025-12-27T08:53:35.599Z"}
{"level":"info","message":"request_end","request_id":"3e8f8b82-6869-487d-bad8-8cee8957a15d","status_code":200,"timestamp":"2025-12-27T08:53:35.603Z"}
{"level":"info","message":"request_start","method":"GET","path":"/metrics","request_id":"6ad6a25c-9d5c-42c3-9f3c-208346085524","timestamp":"2025-12-27T08:53:50.599Z"}
{"level":"info","message":"request_end","request_id":"6ad6a25c-9d5c-42c3-9f3c-208346085524","status_code":200,"timestamp":"2025-12-27T08:53:50.604Z"}
{"level":"info","message":"request_start","method":"GET","path":"/metrics","request_id":"c2d1c38c-11e9-4325-bafe-580a49ad2fea","timestamp":"2025-12-27T08:54:05.606Z"}
{"level":"info","message":"request_end","request_id":"c2d1c38c-11e9-4325-bafe-580a49ad2fea","status_code":200,"timestamp":"2025-12-27T08:54:05.610Z"}
{"level":"info","message":"request_start","method":"GET","path":"/metrics","request_id":"45ae1ef5-83c1-440f-b45b-c89c67aa5112","timestamp":"2025-12-27T08:54:20.603Z"}
{"level":"info","message":"request_end","request_id":"45ae1ef5-83c1-440f-b45b-c89c67aa5112","status_code":200,"timestamp":"2025-12-27T08:54:20.607Z"}
{"level":"info","message":"request_start","method":"GET","path":"/metrics","request_id":"58bb4157-e94c-4f4a-a723-96305536efc6","timestamp":"2025-12-27T08:54:35.598Z"}
{"level":"info","message":"request_end","request_id":"58bb4157-e94c-4f4a-a723-96305536efc6","status_code":200,"timestamp":"2025-12-27T08:54:35.603Z"}
{"level":"info","message":"request_start","method":"GET","path":"/metrics","request_id":"e0bb2e83-fd64-4f6b-94f2-fb9fd0ffe396","timestamp":"2025-12-27T08:54:50.605Z"}
{"level":"info","message":"request_end","request_id":"e0bb2e83-fd64-4f6b-94f2-fb9fd0ffe396","status_code":200,"timestamp":"2025-12-27T08:54:50.610Z"}
{"level":"info","message":"request_start","method":"GET","path":"/metrics","request_id":"aecd04e9-6f86-4538-b06a-d166f1aa946b","timestamp":"2025-12-27T08:55:05.596Z"}
{"level":"info","message":"request_end","request_id":"aecd04e9-6f86-4538-b06a-d166f1aa946b","status_code":200,"timestamp":"2025-12-27T08:55:05.600Z"}
{"level":"info","message":"request_start","method":"GET","path":"/metrics","request_id":"90b2f9d6-bd4d-4990-a482-d3465e95d547","timestamp":"2025-12-27T08:55:20.600Z"}
{"level":"info","message":"request_end","request_id":"90b2f9d6-bd4d-4990-a482-d3465e95d547","status_code":200,"timestamp":"2025-12-27T08:55:20.605Z"}
{"level":"info","message":"request_start","method":"GET","path":"/metrics","request_id":"a9793bcf-8bdc-4848-8e18-1514ebf19eb5","timestamp":"2025-12-27T08:55:35.594Z"}
{"level":"info","message":"request_end","request_id":"a9793bcf-8bdc-4848-8e18-1514ebf19eb5","status_code":200,"timestamp":"2025-12-27T08:55:35.599Z"}
{"level":"info","message":"request_start","method":"GET","path":"/metrics","request_id":"28dc7748-5692-43dc-ab7b-bab53997dca1","timestamp":"2025-12-27T08:55:50.598Z"}
{"level":"info","message":"request_end","request_id":"28dc7748-5692-43dc-ab7b-bab53997dca1","status_code":200,"timestamp":"2025-12-27T08:55:50.602Z"}
{"level":"info","message":"request_start","method":"GET","path":"/metrics","request_id":"6e0a1fbf-dfb0-48d4-9c1a-b4bec34780b5","timestamp":"2025-12-27T08:56:05.604Z"}
{"level":"info","message":"request_end","request_id":"6e0a1fbf-dfb0-48d4-9c1a-b4bec34780b5","status_code":200,"timestamp":"2025-12-27T08:56:05.609Z"}
{"level":"info","message":"request_start","method":"GET","path":"/metrics","request_id":"6bf578af-5f3c-41d9-a08c-c330f9f8988e","timestamp":"2025-12-27T08:56:20.601Z"}
{"level":"info","message":"request_end","request_id":"6bf578af-5f3c-41d9-a08c-c330f9f8988e","status_code":200,"timestamp":"2025-12-27T08:56:20.606Z"}
{"level":"info","message":"request_start","method":"GET","path":"/metrics","request_id":"4ec70df4-860a-4627-9de1-0a091ab1273b","timestamp":"2025-12-27T08:56:35.602Z"}
{"level":"info","message":"request_end","request_id":"4ec70df4-860a-4627-9de1-0a091ab1273b","status_code":200,"timestamp":"2025-12-27T08:56:35.605Z"}
{"level":"info","message":"request_start","method":"GET","path":"/metrics","request_id":"896c16e8-bbbd-4568-b778-3c1e8a3acb1b","timestamp":"2025-12-27T08:56:50.596Z"}
{"level":"info","message":"request_end","request_id":"896c16e8-bbbd-4568-b778-3c1e8a3acb1b","status_code":200,"timestamp":"2025-12-27T08:56:50.601Z"}
{"level":"info","message":"request_start","method":"GET","path":"/metrics","request_id":"cb7cc68f-5933-420b-bb6a-365f161d5edd","timestamp":"2025-12-27T08:57:05.593Z"}
{"level":"info","message":"request_end","request_id":"cb7cc68f-5933-420b-bb6a-365f161d5edd","status_code":200,"timestamp":"2025-12-27T08:57:05.598Z"}
{"level":"info","message":"request_start","method":"GET","path":"/metrics","request_id":"e3c6c35a-2062-4fe7-8b07-7c831484385a","timestamp":"2025-12-27T08:57:20.598Z"}
{"level":"info","message":"request_end","request_id":"e3c6c35a-2062-4fe7-8b07-7c831484385a","status_code":200,"timestamp":"2025-12-27T08:57:20.602Z"}
{"level":"info","message":"request_start","method":"GET","path":"/metrics","request_id":"734a6a68-f373-4545-9e5c-2f7e88529fe2","timestamp":"2025-12-27T08:57:35.594Z"}
{"level":"info","message":"request_end","request_id":"734a6a68-f373-4545-9e5c-2f7e88529fe2","status_code":200,"timestamp":"2025-12-27T08:57:35.598Z"}
{"level":"info","message":"request_start","method":"GET","path":"/metrics","request_id":"f4e144b6-c28f-4ea9-b073-70dc10bba2a9","timestamp":"2025-12-27T08:57:50.597Z"}
{"level":"info","message":"request_end","request_id":"f4e144b6-c28f-4ea9-b073-70dc10bba2a9","status_code":200,"timestamp":"2025-12-27T08:57:50.602Z"}
{"level":"info","message":"request_start","method":"GET","path":"/metrics","request_id":"8b8f27f2-1332-4775-ad00-76c0d0dbb0e5","timestamp":"2025-12-27T08:58:05.589Z"}
{"level":"info","message":"request_end","request_id":"8b8f27f2-1332-4775-ad00-76c0d0dbb0e5","status_code":200,"timestamp":"2025-12-27T08:58:05.594Z"}
{"level":"info","message":"request_start","method":"GET","path":"/metrics","request_id":"8029b87b-e8e0-41db-8e15-3ad5ac1145e6","timestamp":"2025-12-27T08:58:20.597Z"}
{"level":"info","message":"request_end","request_id":"8029b87b-e8e0-41db-8e15-3ad5ac1145e6","status_code":200,"timestamp":"2025-12-27T08:58:20.601Z"}
{"level":"info","message":"request_start","method":"GET","path":"/metrics","request_id":"7980573d-5286-47da-acb8-9a9ffad7d9da","timestamp":"2025-12-27T08:58:35.590Z"}
{"level":"info","message":"request_end","request_id":"7980573d-5286-47da-acb8-9a9ffad7d9da","status_code":200,"timestamp":"2025-12-27T08:58:35.595Z"}
{"level":"info","message":"request_start","method":"GET","path":"/metrics","request_id":"de1fa51e-2091-48ff-a7dc-7f3072513853","timestamp":"2025-12-27T08:58:50.591Z"}
{"level":"info","message":"request_end","request_id":"de1fa51e-2091-48ff-a7dc-7f3072513853","status_code":200,"timestamp":"2025-12-27T08:58:50.595Z"}
{"level":"info","message":"request_start","method":"GET","path":"/metrics","request_id":"bd49888c-0df3-49a3-b69d-71fe59f9a9ab","timestamp":"2025-12-27T08:59:05.595Z"}
{"level":"info","message":"request_end","request_id":"bd49888c-0df3-49a3-b69d-71fe59f9a9ab","status_code":200,"timestamp":"2025-12-27T08:59:05.599Z"}
{"level":"info","message":"request_start","method":"GET","path":"/metrics","request_id":"335b25f5-cbb9-47b1-b2bc-61cada35cf52","timestamp":"2025-12-27T08:59:20.594Z"}
{"level":"info","message":"request_end","request_id":"335b25f5-cbb9-47b1-b2bc-61cada35cf52","status_code":200,"timestamp":"2025-12-27T08:59:20.598Z"}
{"level":"info","message":"request_start","method":"GET","path":"/metrics","request_id":"60345687-fae1-4db1-be34-4af30f8fbe2d","timestamp":"2025-12-27T08:59:35.591Z"}
{"level":"info","message":"request_end","request_id":"60345687-fae1-4db1-be34-4af30f8fbe2d","status_code":200,"timestamp":"2025-12-27T08:59:35.595Z"}
{"level":"info","message":"request_start","method":"GET","path":"/metrics","request_id":"0722aefa-d8d5-4cde-ab89-64d1b5852f9c","timestamp":"2025-12-27T08:59:50.597Z"}
{"level":"info","message":"request_end","request_id":"0722aefa-d8d5-4cde-ab89-64d1b5852f9c","status_code":200,"timestamp":"2025-12-27T08:59:50.601Z"}
{"level":"info","message":"request_start","method":"GET","path":"/metrics","request_id":"f8f3a115-b628-4ff4-abc4-49fd5e28d224","timestamp":"2025-12-27T09:00:05.592Z"}
{"level":"info","message":"request_end","request_id":"f8f3a115-b628-4ff4-abc4-49fd5e28d224","status_code":200,"timestamp":"2025-12-27T09:00:05.597Z"}
{"level":"info","message":"request_start","method":"GET","path":"/metrics","request_id":"9a86a9df-4dc8-4b20-8abf-bd57666b45c9","timestamp":"2025-12-27T09:00:20.589Z"}
{"level":"info","message":"request_end","request_id":"9a86a9df-4dc8-4b20-8abf-bd57666b45c9","status_code":200,"timestamp":"2025-12-27T09:00:20.592Z"}
{"level":"info","message":"request_start","method":"GET","path":"/metrics","request_id":"daa9be6a-a258-4435-9ffb-bf4f1920cb04","timestamp":"2025-12-27T09:00:35.598Z"}
{"level":"info","message":"request_end","request_id":"daa9be6a-a258-4435-9ffb-bf4f1920cb04","status_code":200,"timestamp":"2025-12-27T09:00:35.603Z"}
{"level":"info","message":"request_start","method":"GET","path":"/metrics","request_id":"7d35cf1f-d820-428c-9e35-e72acdc09fc9","timestamp":"2025-12-27T09:00:50.599Z"}
{"level":"info","message":"request_end","request_id":"7d35cf1f-d820-428c-9e35-e72acdc09fc9","status_code":200,"timestamp":"2025-12-27T09:00:50.603Z"}
{"level":"info","message":"request_start","method":"GET","path":"/metrics","request_id":"06ca4673-c966-4810-8eb1-87ec2956246f","timestamp":"2025-12-27T09:01:05.591Z"}
{"level":"info","message":"request_end","request_id":"06ca4673-c966-4810-8eb1-87ec2956246f","status_code":200,"timestamp":"2025-12-27T09:01:05.596Z"}
{"level":"info","message":"request_start","method":"GET","path":"/metrics","request_id":"b88890c9-4752-4cc7-8b3b-867699baaebf","timestamp":"2025-12-27T09:01:20.592Z"}
{"level":"info","message":"request_end","request_id":"b88890c9-4752-4cc7-8b3b-867699baaebf","status_code":200,"timestamp":"2025-12-27T09:01:20.596Z"}
{"level":"info","message":"request_start","method":"GET","path":"/metrics","request_id":"785e81b4-e59e-45fd-b702-5c7b9b83e6b8","timestamp":"2025-12-27T09:01:35.593Z"}
{"level":"info","message":"request_end","request_id":"785e81b4-e59e-45fd-b702-5c7b9b83e6b8","status_code":200,"timestamp":"2025-12-27T09:01:35.598Z"}
{"level":"info","message":"request_start","method":"GET","path":"/metrics","request_id":"334b6c8c-89b6-4446-8ea2-8ead7454805a","timestamp":"2025-12-27T09:01:50.604Z"}
{"level":"info","message":"request_end","request_id":"334b6c8c-89b6-4446-8ea2-8ead7454805a","status_code":200,"timestamp":"2025-12-27T09:01:50.610Z"}
{"level":"info","message":"request_start","method":"GET","path":"/metrics","request_id":"7886ec9a-47c1-4c21-acfc-379618ed0574","timestamp":"2025-12-27T09:02:05.605Z"}
{"level":"info","message":"request_end","request_id":"7886ec9a-47c1-4c21-acfc-379618ed0574","status_code":200,"timestamp":"2025-12-27T09:02:05.609Z"}
{"level":"info","message":"request_start","method":"GET","path":"/metrics","request_id":"0e80927b-cdc0-4b82-ba8e-bfcd7c4f0051","timestamp":"2025-12-27T09:02:20.596Z"}
{"level":"info","message":"request_end","request_id":"0e80927b-cdc0-4b82-ba8e-bfcd7c4f0051","status_code":200,"timestamp":"2025-12-27T09:02:20.601Z"}
{"level":"info","message":"request_start","method":"GET","path":"/metrics","request_id":"e0eec747-8e5a-4898-ac33-9d877e341813","timestamp":"2025-12-27T09:02:35.592Z"}
{"level":"info","message":"request_end","request_id":"e0eec747-8e5a-4898-ac33-9d877e341813","status_code":200,"timestamp":"2025-12-27T09:02:35.597Z"}
{"level":"info","message":"request_start","method":"GET","path":"/metrics","request_id":"ba45b364-43f0-49f1-b214-b0aacab26e32","timestamp":"2025-12-27T09:02:50.587Z"}
{"level":"info","message":"request_end","request_id":"ba45b364-43f0-49f1-b214-b0aacab26e32","status_code":200,"timestamp":"2025-12-27T09:02:50.591Z"}
{"level":"info","message":"request_start","method":"GET","path":"/metrics","request_id":"493fc5e0-a223-46f4-9acd-becc69e34288","timestamp":"2025-12-27T09:03:05.590Z"}
{"level":"info","message":"request_end","request_id":"493fc5e0-a223-46f4-9acd-becc69e34288","status_code":200,"timestamp":"2025-12-27T09:03:05.594Z"}
{"level":"info","message":"request_start","method":"GET","path":"/metrics","request_id":"2f7936f9-6544-42ff-92a8-b9166576911b","timestamp":"2025-12-27T09:03:20.591Z"}
{"level":"info","message":"request_end","request_id":"2f7936f9-6544-42ff-92a8-b9166576911b","status_code":200,"timestamp":"2025-12-27T09:03:20.596Z"}
{"level":"info","message":"request_start","method":"GET","path":"/metrics","request_id":"23120ec9-054c-4c1e-857b-1ef4dde4a580","timestamp":"2025-12-27T09:03:35.596Z"}
{"level":"info","message":"request_end","request_id":"23120ec9-054c-4c1e-857b-1ef4dde4a580","status_code":200,"timestamp":"2025-12-27T09:03:35.601Z"}
{"level":"info","message":"request_start","method":"GET","path":"/metrics","request_id":"3167ef38-d960-4a64-9e3c-226b92bbe362","timestamp":"2025-12-27T09:03:50.592Z"}
{"level":"info","message":"request_end","request_id":"3167ef38-d960-4a64-9e3c-226b92bbe362","status_code":200,"timestamp":"2025-12-27T09:03:50.597Z"}
{"level":"info","message":"request_start","method":"GET","path":"/metrics","request_id":"6373a3e9-0381-43ce-a89e-e6ab444ef538","timestamp":"2025-12-27T09:04:05.591Z"}
{"level":"info","message":"request_end","request_id":"6373a3e9-0381-43ce-a89e-e6ab444ef538","status_code":200,"timestamp":"2025-12-27T09:04:05.597Z"}
{"level":"info","message":"request_start","method":"GET","path":"/metrics","request_id":"42b9eebd-3aac-4b47-916d-c58afa9257af","timestamp":"2025-12-27T09:04:20.584Z"}
{"level":"info","message":"request_end","request_id":"42b9eebd-3aac-4b47-916d-c58afa9257af","status_code":200,"timestamp":"2025-12-27T09:04:20.588Z"}
{"level":"info","message":"request_start","method":"GET","path":"/metrics","request_id":"a4aadd30-d1ca-4908-8b6b-0df9bf316015","timestamp":"2025-12-27T09:04:35.590Z"}
{"level":"info","message":"request_end","request_id":"a4aadd30-d1ca-4908-8b6b-0df9bf316015","status_code":200,"timestamp":"2025-12-27T09:04:35.595Z"}
{"level":"info","message":"request_start","method":"GET","path":"/metrics","request_id":"47c5c952-1302-41c1-b21f-62552097f9e7","timestamp":"2025-12-27T09:04:50.583Z"}
{"level":"info","message":"request_end","request_id":"47c5c952-1302-41c1-b21f-62552097f9e7","status_code":200,"timestamp":"2025-12-27T09:04:50.587Z"}
{"level":"info","message":"request_start","method":"GET","path":"/metrics","request_id":"c076a19c-8c7b-4163-9f01-1bc99fd7edef","timestamp":"2025-12-27T09:05:05.587Z"}
{"level":"info","message":"request_end","request_id":"c076a19c-8c7b-4163-9f01-1bc99fd7edef","status_code":200,"timestamp":"2025-12-27T09:05:05.592Z"}
{"level":"info","message":"request_start","method":"GET","path":"/metrics","request_id":"cc3481f4-177b-44f8-a42c-38453509048d","timestamp":"2025-12-27T09:05:20.590Z"}
{"level":"info","message":"request_end","request_id":"cc3481f4-177b-44f8-a42c-38453509048d","status_code":200,"timestamp":"2025-12-27T09:05:20.595Z"}
{"level":"info","message":"request_start","method":"GET","path":"/metrics","request_id":"e6ddda81-c64e-456c-9a7d-63538a1784ef","timestamp":"2025-12-27T09:05:35.586Z"}
{"level":"info","message":"request_end","request_id":"e6ddda81-c64e-456c-9a7d-63538a1784ef","status_code":200,"timestamp":"2025-12-27T09:05:35.590Z"}
{"level":"info","message":"request_start","method":"GET","path":"/metrics","request_id":"c60fc791-60be-4416-9a6d-eab3af29974d","timestamp":"2025-12-27T09:05:50.587Z"}
{"level":"info","message":"request_end","request_id":"c60fc791-60be-4416-9a6d-eab3af29974d","status_code":200,"timestamp":"2025-12-27T09:05:50.592Z"}
{"level":"info","message":"request_start","method":"GET","path":"/metrics","request_id":"d386844e-ee00-40f6-a3d4-b126fc121ec2","timestamp":"2025-12-27T09:06:05.583Z"}
{"level":"info","message":"request_end","request_id":"d386844e-ee00-40f6-a3d4-b126fc121ec2","status_code":200,"timestamp":"2025-12-27T09:06:05.588Z"}
{"level":"info","message":"request_start","method":"GET","path":"/metrics","request_id":"5619dace-c4bc-4447-aafa-5a22019fd31b","timestamp":"2025-12-27T09:06:20.584Z"}
{"level":"info","message":"request_end","request_id":"5619dace-c4bc-4447-aafa-5a22019fd31b","status_code":200,"timestamp":"2025-12-27T09:06:20.588Z"}
{"level":"info","message":"request_start","method":"GET","path":"/metrics","request_id":"ad608c5d-5f15-4c53-bd81-3de188e3ed06","timestamp":"2025-12-27T09:06:35.583Z"}
{"level":"info","message":"request_end","request_id":"ad608c5d-5f15-4c53-bd81-3de188e3ed06","status_code":200,"timestamp":"2025-12-27T09:06:35.588Z"}
{"level":"info","message":"request_start","method":"GET","path":"/metrics","request_id":"7c09b75a-1340-41ec-9732-abac55b876b8","timestamp":"2025-12-27T09:06:50.587Z"}
{"level":"info","message":"request_end","request_id":"7c09b75a-1340-41ec-9732-abac55b876b8","status_code":200,"timestamp":"2025-12-27T09:06:50.591Z"}
{"level":"info","message":"request_start","method":"GET","path":"/metrics","request_id":"97b1a4b7-f97b-4cd7-886b-615303b2619b","timestamp":"2025-12-27T09:07:05.585Z"}
{"level":"info","message":"request_end","request_id":"97b1a4b7-f97b-4cd7-886b-615303b2619b","status_code":200,"timestamp":"2025-12-27T09:07:05.589Z"}
{"level":"info","message":"request_start","method":"GET","path":"/metrics","request_id":"badaee45-dbf0-4fc6-a889-9d86cab30f91","timestamp":"2025-12-27T09:07:20.586Z"}
{"level":"info","message":"request_end","request_id":"badaee45-dbf0-4fc6-a889-9d86cab30f91","status_code":200,"timestamp":"2025-12-27T09:07:20.591Z"}
{"level":"info","message":"request_start","method":"GET","path":"/metrics","request_id":"e9a8de5e-e407-4146-853c-bc193434071a","timestamp":"2025-12-27T09:07:35.586Z"}
{"level":"info","message":"request_end","request_id":"e9a8de5e-e407-4146-853c-bc193434071a","status_code":200,"timestamp":"2025-12-27T09:07:35.591Z"}
{"level":"info","message":"request_start","method":"GET","path":"/metrics","request_id":"1ba9c9a5-4cd6-4316-baad-1eb5fcf10220","timestamp":"2025-12-27T09:07:50.585Z"}
{"level":"info","message":"request_end","request_id":"1ba9c9a5-4cd6-4316-baad-1eb5fcf10220","status_code":200,"timestamp":"2025-12-27T09:07:50.589Z"}
{"level":"info","message":"request_start","method":"GET","path":"/metrics","request_id":"3c45c8e1-c9de-4e7b-a681-f103beda8d10","timestamp":"2025-12-27T09:08:05.585Z"}
{"level":"info","message":"request_end","request_id":"3c45c8e1-c9de-4e7b-a681-f103beda8d10","status_code":200,"timestamp":"2025-12-27T09:08:05.589Z"}
{"level":"info","message":"request_start","method":"GET","path":"/metrics","request_id":"a526e54a-dee5-42a6-b8c0-7d94d4a3c704","timestamp":"2025-12-27T09:08:20.582Z"}
{"level":"info","message":"request_end","request_id":"a526e54a-dee5-42a6-b8c0-7d94d4a3c704","status_code":200,"timestamp":"2025-12-27T09:08:20.586Z"}
{"level":"info","message":"request_start","method":"GET","path":"/metrics","request_id":"7fc6816c-de83-4a0b-88c6-58fe49b0b51a","timestamp":"2025-12-27T09:08:35.582Z"}
{"level":"info","message":"request_end","request_id":"7fc6816c-de83-4a0b-88c6-58fe49b0b51a","status_code":200,"timestamp":"2025-12-27T09:08:35.587Z"}
{"level":"info","message":"request_start","method":"GET","path":"/metrics","request_id":"4fa87c08-291f-4af7-872a-0fa3f36aaa86","timestamp":"2025-12-27T09:08:50.583Z"}
{"level":"info","message":"request_end","request_id":"4fa87c08-291f-4af7-872a-0fa3f36aaa86","status_code":200,"timestamp":"2025-12-27T09:08:50.587Z"}
{"level":"info","message":"request_start","method":"GET","path":"/metrics","request_id":"611308f1-bf76-4eb2-8d33-1945f1707a76","timestamp":"2025-12-27T09:09:05.580Z"}
{"level":"info","message":"request_end","request_id":"611308f1-bf76-4eb2-8d33-1945f1707a76","status_code":200,"timestamp":"2025-12-27T09:09:05.585Z"}
{"level":"info","message":"request_start","method":"GET","path":"/metrics","request_id":"a07a8881-402a-4bcf-906b-258ae75c901f","timestamp":"2025-12-27T09:09:20.587Z"}
{"level":"info","message":"request_end","request_id":"a07a8881-402a-4bcf-906b-258ae75c901f","status_code":200,"timestamp":"2025-12-27T09:09:20.591Z"}
{"level":"info","message":"request_start","method":"GET","path":"/metrics","request_id":"df80565a-7905-4172-8056-9143540c41be","timestamp":"2025-12-27T09:09:35.586Z"}
{"level":"info","message":"request_end","request_id":"df80565a-7905-4172-8056-9143540c41be","status_code":200,"timestamp":"2025-12-27T09:09:35.590Z"}
{"level":"info","message":"request_start","method":"GET","path":"/metrics","request_id":"c2261a84-4c43-449a-841a-a31fb907eb38","timestamp":"2025-12-27T09:09:50.586Z"}
{"level":"info","message":"request_end","request_id":"c2261a84-4c43-449a-841a-a31fb907eb38","status_code":200,"timestamp":"2025-12-27T09:09:50.591Z"}
{"level":"info","message":"request_start","method":"GET","path":"/metrics","request_id":"99c07c51-803a-4f80-9b55-cbf30c427d53","timestamp":"2025-12-27T09:10:05.590Z"}
{"level":"info","message":"request_end","request_id":"99c07c51-803a-4f80-9b55-cbf30c427d53","status_code":200,"timestamp":"2025-12-27T09:10:05.596Z"}
{"level":"info","message":"request_start","method":"GET","path":"/metrics","request_id":"5d5d8728-2ed2-4eec-aaa9-52d883f8a4f2","timestamp":"2025-12-27T09:10:20.587Z"}
{"level":"info","message":"request_end","request_id":"5d5d8728-2ed2-4eec-aaa9-52d883f8a4f2","status_code":200,"timestamp":"2025-12-27T09:10:20.591Z"}
{"level":"info","message":"request_start","method":"GET","path":"/metrics","request_id":"16ed553a-9bc5-4edf-ac8c-823729361648","timestamp":"2025-12-27T09:10:35.584Z"}
{"level":"info","message":"request_end","request_id":"16ed553a-9bc5-4edf-ac8c-823729361648","status_code":200,"timestamp":"2025-12-27T09:10:35.588Z"}
{"level":"info","message":"request_start","method":"GET","path":"/metrics","request_id":"bd652f26-9237-4b5e-8c25-0b747d1f2909","timestamp":"2025-12-27T09:10:50.580Z"}
{"level":"info","message":"request_end","request_id":"bd652f26-9237-4b5e-8c25-0b747d1f2909","status_code":200,"timestamp":"2025-12-27T09:10:50.585Z"}
{"level":"info","message":"request_start","method":"GET","path":"/metrics","request_id":"9f8a0d67-f5cd-4572-88cb-235af82470bd","timestamp":"2025-12-27T09:11:05.581Z"}
{"level":"info","message":"request_end","request_id":"9f8a0d67-f5cd-4572-88cb-235af82470bd","status_code":200,"timestamp":"2025-12-27T09:11:05.586Z"}
{"level":"info","message":"request_start","method":"GET","path":"/metrics","request_id":"79f7a7de-d161-4cba-8822-40ff54e577f1","timestamp":"2025-12-27T09:11:20.585Z"}
{"level":"info","message":"request_end","request_id":"79f7a7de-d161-4cba-8822-40ff54e577f1","status_code":200,"timestamp":"2025-12-27T09:11:20.590Z"}
{"level":"info","message":"request_start","method":"GET","path":"/metrics","request_id":"f3fa5893-6b0e-4731-bcfa-293dfb392055","timestamp":"2025-12-27T09:11:35.584Z"}
{"level":"info","message":"request_end","request_id":"f3fa5893-6b0e-4731-bcfa-293dfb392055","status_code":200,"timestamp":"2025-12-27T09:11:35.589Z"}
{"level":"info","message":"request_start","method":"GET","path":"/metrics","request_id":"6e393ab6-4dc2-4028-9421-0499fdbdd427","timestamp":"2025-12-27T09:11:50.588Z"}
{"level":"info","message":"request_end","request_id":"6e393ab6-4dc2-4028-9421-0499fdbdd427","status_code":200,"timestamp":"2025-12-27T09:11:50.592Z"}
{"level":"info","message":"request_start","method":"GET","path":"/metrics","request_id":"fa0b6391-5ecf-4eb2-8d06-c7955098d73f","timestamp":"2025-12-27T09:12:05.587Z"}
{"level":"info","message":"request_end","request_id":"fa0b6391-5ecf-4eb2-8d06-c7955098d73f","status_code":200,"timestamp":"2025-12-27T09:12:05.592Z"}
{"level":"info","message":"request_start","method":"GET","path":"/metrics","request_id":"64a83a23-b8ee-4cf6-80f2-5d0b5126ddfb","timestamp":"2025-12-27T09:12:20.599Z"}
{"level":"info","message":"request_end","request_id":"64a83a23-b8ee-4cf6-80f2-5d0b5126ddfb","status_code":200,"timestamp":"2025-12-27T09:12:20.604Z"}
{"level":"info","message":"request_start","method":"GET","path":"/metrics","request_id":"09a1b646-d97f-4f3f-b972-2aa5c074d752","timestamp":"2025-12-27T09:12:35.598Z"}
{"level":"info","message":"request_end","request_id":"09a1b646-d97f-4f3f-b972-2aa5c074d752","status_code":200,"timestamp":"2025-12-27T09:12:35.602Z"}
{"level":"info","message":"request_start","method":"GET","path":"/metrics","request_id":"382f6df5-c9fd-4b89-81bf-551dcd109cb2","timestamp":"2025-12-27T09:12:50.593Z"}
{"level":"info","message":"request_end","request_id":"382f6df5-c9fd-4b89-81bf-551dcd109cb2","status_code":200,"timestamp":"2025-12-27T09:12:50.597Z"}
{"level":"info","message":"request_start","method":"GET","path":"/metrics","request_id":"809ccdb0-78f4-4298-8aeb-80e475628bb1","timestamp":"2025-12-27T09:13:05.591Z"}
{"level":"info","message":"request_end","request_id":"809ccdb0-78f4-4298-8aeb-80e475628bb1","status_code":200,"timestamp":"2025-12-27T09:13:05.596Z"}
{"level":"info","message":"request_start","method":"GET","path":"/metrics","request_id":"a3731cd4-6d25-4588-8135-a9633e53b175","timestamp":"2025-12-27T09:13:20.600Z"}
{"level":"info","message":"request_end","request_id":"a3731cd4-6d25-4588-8135-a9633e53b175","status_code":200,"timestamp":"2025-12-27T09:13:20.604Z"}
{"level":"info","message":"request_start","method":"GET","path":"/metrics","request_id":"572b77f2-ffdd-4401-829c-47b36fec85f0","timestamp":"2025-12-27T09:13:35.590Z"}
{"level":"info","message":"request_end","request_id":"572b77f2-ffdd-4401-829c-47b36fec85f0","status_code":200,"timestamp":"2025-12-27T09:13:35.594Z"}
{"level":"info","message":"request_start","method":"GET","path":"/metrics","request_id":"ae857d82-d48c-447d-8092-759273e6b68f","timestamp":"2025-12-27T09:13:50.591Z"}
{"level":"info","message":"request_end","request_id":"ae857d82-d48c-447d-8092-759273e6b68f","status_code":200,"timestamp":"2025-12-27T09:13:50.597Z"}
{"level":"info","message":"request_start","method":"GET","path":"/metrics","request_id":"ddb305f4-fa4d-4c16-96ca-af868eb684fd","timestamp":"2025-12-27T09:14:05.588Z"}
{"level":"info","message":"request_end","request_id":"ddb305f4-fa4d-4c16-96ca-af868eb684fd","status_code":200,"timestamp":"2025-12-27T09:14:05.593Z"}
{"level":"info","message":"request_start","method":"GET","path":"/metrics","request_id":"9ad3e833-70cb-45da-ab70-38ce0e39afcf","timestamp":"2025-12-27T09:14:20.590Z"}
{"level":"info","message":"request_end","request_id":"9ad3e833-70cb-45da-ab70-38ce0e39afcf","status_code":200,"timestamp":"2025-12-27T09:14:20.592Z"}
{"level":"info","message":"request_start","method":"GET","path":"/metrics","request_id":"422e0059-6c65-4e1f-8378-c509e7ef6f26","timestamp":"2025-12-27T09:14:35.587Z"}
{"level":"info","message":"request_end","request_id":"422e0059-6c65-4e1f-8378-c509e7ef6f26","status_code":200,"timestamp":"2025-12-27T09:14:35.591Z"}
{"level":"info","message":"request_start","method":"GET","path":"/metrics","request_id":"a95a93e6-5640-45a3-b2c3-308a86ecee19","timestamp":"2025-12-27T09:14:50.590Z"}
{"level":"info","message":"request_end","request_id":"a95a93e6-5640-45a3-b2c3-308a86ecee19","status_code":200,"timestamp":"2025-12-27T09:14:50.594Z"}
{"level":"info","message":"request_start","method":"GET","path":"/metrics","request_id":"dd371943-4721-4648-a148-f244cf10a02c","timestamp":"2025-12-27T09:15:05.590Z"}
{"level":"info","message":"request_end","request_id":"dd371943-4721-4648-a148-f244cf10a02c","status_code":200,"timestamp":"2025-12-27T09:15:05.594Z"}
{"level":"info","message":"request_start","method":"GET","path":"/metrics","request_id":"b2fa54e1-b913-49b0-b220-34ceb7e3aeaf","timestamp":"2025-12-27T09:15:20.593Z"}
{"level":"info","message":"request_end","request_id":"b2fa54e1-b913-49b0-b220-34ceb7e3aeaf","status_code":200,"timestamp":"2025-12-27T09:15:20.599Z"}
{"level":"info","message":"request_start","method":"GET","path":"/metrics","request_id":"de95a1fc-03ee-4193-a59d-d6198bea4ae3","timestamp":"2025-12-27T09:15:35.590Z"}
{"level":"info","message":"request_end","request_id":"de95a1fc-03ee-4193-a59d-d6198bea4ae3","status_code":200,"timestamp":"2025-12-27T09:15:35.594Z"}
{"level":"info","message":"request_start","method":"GET","path":"/metrics","request_id":"66987874-f6b9-4732-a148-39a9f43b58a6","timestamp":"2025-12-27T09:15:50.593Z"}
{"level":"info","message":"request_end","request_id":"66987874-f6b9-4732-a148-39a9f43b58a6","status_code":200,"timestamp":"2025-12-27T09:15:50.597Z"}
{"level":"info","message":"request_start","method":"GET","path":"/metrics","request_id":"31fd4b4a-897c-4909-85eb-5a1ab12641c1","timestamp":"2025-12-27T09:16:05.590Z"}
{"level":"info","message":"request_end","request_id":"31fd4b4a-897c-4909-85eb-5a1ab12641c1","status_code":200,"timestamp":"2025-12-27T09:16:05.594Z"}
{"level":"info","message":"request_start","method":"GET","path":"/metrics","request_id":"8ed50d8d-49da-4e41-bdae-f62d8dd7ed84","timestamp":"2025-12-27T09:16:20.594Z"}
{"level":"info","message":"request_end","request_id":"8ed50d8d-49da-4e41-bdae-f62d8dd7ed84","status_code":200,"timestamp":"2025-12-27T09:16:20.598Z"}
{"level":"info","message":"request_start","method":"GET","path":"/metrics","request_id":"10f1de46-41e3-4758-9730-148177abbfbf","timestamp":"2025-12-27T09:16:35.589Z"}
{"level":"info","message":"request_end","request_id":"10f1de46-41e3-4758-9730-148177abbfbf","status_code":200,"timestamp":"2025-12-27T09:16:35.593Z"}
{"level":"info","message":"request_start","method":"GET","path":"/metrics","request_id":"961ec83d-855d-4939-b6d8-9ac4dc5dc749","timestamp":"2025-12-27T09:16:50.590Z"}
{"level":"info","message":"request_end","request_id":"961ec83d-855d-4939-b6d8-9ac4dc5dc749","status_code":200,"timestamp":"2025-12-27T09:16:50.594Z"}
{"level":"info","message":"request_start","method":"GET","path":"/metrics","request_id":"cb9f2301-1a9c-4164-b2ba-a3ea71f54d52","timestamp":"2025-12-27T09:17:05.597Z"}
{"level":"info","message":"request_end","request_id":"cb9f2301-1a9c-4164-b2ba-a3ea71f54d52","status_code":200,"timestamp":"2025-12-27T09:17:05.601Z"}
{"level":"info","message":"request_start","method":"GET","path":"/metrics","request_id":"ad6b4f8f-4bd5-4602-b6a3-a8be2fead548","timestamp":"2025-12-27T09:17:20.590Z"}
{"level":"info","message":"request_end","request_id":"ad6b4f8f-4bd5-4602-b6a3-a8be2fead548","status_code":200,"timestamp":"2025-12-27T09:17:20.594Z"}
{"level":"info","message":"request_start","method":"GET","path":"/metrics","request_id":"a5e9f0a3-c297-436a-90ce-c372389e115b","timestamp":"2025-12-27T09:17:35.588Z"}
{"level":"info","message":"request_end","request_id":"a5e9f0a3-c297-436a-90ce-c372389e115b","status_code":200,"timestamp":"2025-12-27T09:17:35.592Z"}
{"level":"info","message":"request_start","method":"GET","path":"/metrics","request_id":"e9a405a7-bd83-4273-b7ef-a708393b4c98","timestamp":"2025-12-27T09:17:50.591Z"}
{"level":"info","message":"request_end","request_id":"e9a405a7-bd83-4273-b7ef-a708393b4c98","status_code":200,"timestamp":"2025-12-27T09:17:50.595Z"}
{"level":"info","message":"request_start","method":"GET","path":"/metrics","request_id":"f7e30597-0b03-4890-9867-1b14651af64c","timestamp":"2025-12-27T09:18:05.587Z"}
{"level":"info","message":"request_end","request_id":"f7e30597-0b03-4890-9867-1b14651af64c","status_code":200,"timestamp":"2025-12-27T09:18:05.591Z"}
{"level":"info","message":"request_start","method":"GET","path":"/metrics","request_id":"bf4b89f6-f54f-4cd6-8095-47b3fd368672","timestamp":"2025-12-27T09:18:20.587Z"}
{"level":"info","message":"request_end","request_id":"bf4b89f6-f54f-4cd6-8095-47b3fd368672","status_code":200,"timestamp":"2025-12-27T09:18:20.591Z"}
{"level":"info","message":"request_start","method":"GET","path":"/metrics","request_id":"2ae14be6-6208-48c9-9421-cc4094aed7d5","timestamp":"2025-12-27T09:18:35.589Z"}
{"level":"info","message":"request_end","request_id":"2ae14be6-6208-48c9-9421-cc4094aed7d5","status_code":200,"timestamp":"2025-12-27T09:18:35.593Z"}
{"level":"info","message":"request_start","method":"GET","path":"/metrics","request_id":"0b43ee74-f8eb-4b4c-abc9-648ad5d7585e","timestamp":"2025-12-27T09:18:50.586Z"}
{"level":"info","message":"request_end","request_id":"0b43ee74-f8eb-4b4c-abc9-648ad5d7585e","status_code":200,"timestamp":"2025-12-27T09:18:50.592Z"}
{"level":"info","message":"request_start","method":"GET","path":"/metrics","request_id":"4113581b-ce69-4000-af5b-36d20d0303d2","timestamp":"2025-12-27T09:19:05.588Z"}
{"level":"info","message":"request_end","request_id":"4113581b-ce69-4000-af5b-36d20d0303d2","status_code":200,"timestamp":"2025-12-27T09:19:05.592Z"}
{"level":"info","message":"request_start","method":"GET","path":"/metrics","request_id":"b6500c3d-466e-4402-a7da-65be1b3d8023","timestamp":"2025-12-27T09:19:20.587Z"}
{"level":"info","message":"request_end","request_id":"b6500c3d-466e-4402-a7da-65be1b3d8023","status_code":200,"timestamp":"2025-12-27T09:19:20.591Z"}
{"level":"info","message":"request_start","method":"GET","path":"/metrics","request_id":"2e684e22-e607-4f8e-aaa1-0a60294c6dfa","timestamp":"2025-12-27T09:19:35.586Z"}
{"level":"info","message":"request_end","request_id":"2e684e22-e607-4f8e-aaa1-0a60294c6dfa","status_code":200,"timestamp":"2025-12-27T09:19:35.593Z"}
{"level":"info","message":"request_start","method":"GET","path":"/metrics","request_id":"7bbf393a-fff9-4abb-a011-9218ba68daca","timestamp":"2025-12-27T09:19:50.590Z"}
{"level":"info","message":"request_end","request_id":"7bbf393a-fff9-4abb-a011-9218ba68daca","status_code":200,"timestamp":"2025-12-27T09:19:50.595Z"}
{"level":"info","message":"request_start","method":"GET","path":"/metrics","request_id":"e73b7f99-09be-4742-a57a-15a10e0bf7df","timestamp":"2025-12-27T09:20:05.586Z"}
{"level":"info","message":"request_end","request_id":"e73b7f99-09be-4742-a57a-15a10e0bf7df","status_code":200,"timestamp":"2025-12-27T09:20:05.590Z"}
{"level":"info","message":"request_start","method":"GET","path":"/metrics","request_id":"fe02d11c-88e5-41ab-9c8d-75cd86c7725c","timestamp":"2025-12-27T09:20:20.585Z"}
{"level":"info","message":"request_end","request_id":"fe02d11c-88e5-41ab-9c8d-75cd86c7725c","status_code":200,"timestamp":"2025-12-27T09:20:20.590Z"}
{"level":"info","message":"request_start","method":"GET","path":"/metrics","request_id":"31ece0dd-bd04-44e0-aa83-640091a0b07e","timestamp":"2025-12-27T09:20:35.585Z"}
{"level":"info","message":"request_end","request_id":"31ece0dd-bd04-44e0-aa83-640091a0b07e","status_code":200,"timestamp":"2025-12-27T09:20:35.590Z"}
{"level":"info","message":"request_start","method":"GET","path":"/metrics","request_id":"a83cfad1-8063-47c8-b715-7382fd5d963a","timestamp":"2025-12-27T09:20:50.594Z"}
{"level":"info","message":"request_end","request_id":"a83cfad1-8063-47c8-b715-7382fd5d963a","status_code":200,"timestamp":"2025-12-27T09:20:50.598Z"}
{"level":"info","message":"request_start","method":"GET","path":"/metrics","request_id":"658bb650-f08d-4824-b67f-741fe5acb84a","timestamp":"2025-12-27T09:21:05.583Z"}
{"level":"info","message":"request_end","request_id":"658bb650-f08d-4824-b67f-741fe5acb84a","status_code":200,"timestamp":"2025-12-27T09:21:05.588Z"}
{"level":"info","message":"request_start","method":"GET","path":"/metrics","request_id":"8628c2f7-b542-44f4-9c83-661f1d512eae","timestamp":"2025-12-27T09:21:20.588Z"}
{"level":"info","message":"request_end","request_id":"8628c2f7-b542-44f4-9c83-661f1d512eae","status_code":200,"timestamp":"2025-12-27T09:21:20.592Z"}
{"level":"info","message":"request_start","method":"GET","path":"/metrics","request_id":"bc2cb3a8-56ef-422f-9252-547d94a00377","timestamp":"2025-12-27T09:21:35.587Z"}
{"level":"info","message":"request_end","request_id":"bc2cb3a8-56ef-422f-9252-547d94a00377","status_code":200,"timestamp":"2025-12-27T09:21:35.592Z"}
{"level":"info","message":"request_start","method":"GET","path":"/metrics","request_id":"93706b46-3cc0-4645-815c-84fba586d295","timestamp":"2025-12-27T09:21:50.584Z"}
{"level":"info","message":"request_end","request_id":"93706b46-3cc0-4645-815c-84fba586d295","status_code":200,"timestamp":"2025-12-27T09:21:50.589Z"}
{"level":"info","message":"request_start","method":"GET","path":"/metrics","request_id":"f62ff08a-9195-4d7e-9dcd-e8ba72016c19","timestamp":"2025-12-27T09:22:05.585Z"}
{"level":"info","message":"request_end","request_id":"f62ff08a-9195-4d7e-9dcd-e8ba72016c19","status_code":200,"timestamp":"2025-12-27T09:22:05.588Z"}
{"level":"info","message":"request_start","method":"GET","path":"/metrics","request_id":"f0755c50-a955-48a9-b9a7-304732dfb38c","timestamp":"2025-12-27T09:22:20.586Z"}
{"level":"info","message":"request_end","request_id":"f0755c50-a955-48a9-b9a7-304732dfb38c","status_code":200,"timestamp":"2025-12-27T09:22:20.590Z"}
{"level":"info","message":"request_start","method":"GET","path":"/metrics","request_id":"6bd353cf-0df7-4b10-b432-196553edeaa5","timestamp":"2025-12-27T09:22:35.580Z"}
{"level":"info","message":"request_end","request_id":"6bd353cf-0df7-4b10-b432-196553edeaa5","status_code":200,"timestamp":"2025-12-27T09:22:35.585Z"}
{"level":"info","message":"request_start","method":"GET","path":"/metrics","request_id":"1d91a127-ef0b-40ee-8f15-2a3101ef6bad","timestamp":"2025-12-27T09:22:50.587Z"}
{"level":"info","message":"request_end","request_id":"1d91a127-ef0b-40ee-8f15-2a3101ef6bad","status_code":200,"timestamp":"2025-12-27T09:22:50.591Z"}
{"level":"info","message":"request_start","method":"GET","path":"/metrics","request_id":"1469237c-3afc-4793-8d07-68559ffc1486","timestamp":"2025-12-27T09:23:05.576Z"}
{"level":"info","message":"request_end","request_id":"1469237c-3afc-4793-8d07-68559ffc1486","status_code":200,"timestamp":"2025-12-27T09:23:05.577Z"}
{"level":"info","message":"request_start","method":"GET","path":"/metrics","request_id":"1127233a-5fe3-4158-a131-2247b460fc90","timestamp":"2025-12-27T09:23:20.585Z"}
{"level":"info","message":"request_end","request_id":"1127233a-5fe3-4158-a131-2247b460fc90","status_code":200,"timestamp":"2025-12-27T09:23:20.588Z"}
{"level":"info","message":"request_start","method":"GET","path":"/metrics","request_id":"2797421a-fdf5-4165-bb43-84ae4f6c8f32","timestamp":"2025-12-27T09:23:35.576Z"}
{"level":"info","message":"request_end","request_id":"2797421a-fdf5-4165-bb43-84ae4f6c8f32","status_code":200,"timestamp":"2025-12-27T09:23:35.580Z"}
{"level":"info","message":"request_start","method":"GET","path":"/metrics","request_id":"60162eda-1601-4782-9c2e-28620a93bcee","timestamp":"2025-12-27T09:23:50.585Z"}
{"level":"info","message":"request_end","request_id":"60162eda-1601-4782-9c2e-28620a93bcee","status_code":200,"timestamp":"2025-12-27T09:23:50.589Z"}
{"level":"info","message":"request_start","method":"GET","path":"/metrics","request_id":"6a85de6e-1bce-427a-86b9-617acc56845f","timestamp":"2025-12-27T09:24:05.578Z"}
{"level":"info","message":"request_end","request_id":"6a85de6e-1bce-427a-86b9-617acc56845f","status_code":200,"timestamp":"2025-12-27T09:24:05.581Z"}
{"level":"info","message":"request_start","method":"GET","path":"/metrics","request_id":"67645ccd-b4ca-48d2-aa21-257e0eb33bca","timestamp":"2025-12-27T09:24:20.583Z"}
{"level":"info","message":"request_end","request_id":"67645ccd-b4ca-48d2-aa21-257e0eb33bca","status_code":200,"timestamp":"2025-12-27T09:24:20.586Z"}
{"level":"info","message":"request_start","method":"GET","path":"/metrics","request_id":"b913f6c1-80fd-4c1e-88d3-cf3f102c2e15","timestamp":"2025-12-27T09:24:35.580Z"}
{"level":"info","message":"request_end","request_id":"b913f6c1-80fd-4c1e-88d3-cf3f102c2e15","status_code":200,"timestamp":"2025-12-27T09:24:35.582Z"}
{"level":"info","message":"request_start","method":"GET","path":"/metrics","request_id":"5220cd43-728d-469f-be24-2cab2bd0a94e","timestamp":"2025-12-27T09:24:50.586Z"}
{"level":"info","message":"request_end","request_id":"5220cd43-728d-469f-be24-2cab2bd0a94e","status_code":200,"timestamp":"2025-12-27T09:24:50.592Z"}
{"level":"info","message":"request_start","method":"GET","path":"/metrics","request_id":"8028912f-42ec-4cce-97cc-a410ca77614a","timestamp":"2025-12-27T09:25:05.582Z"}
{"level":"info","message":"request_end","request_id":"8028912f-42ec-4cce-97cc-a410ca77614a","status_code":200,"timestamp":"2025-12-27T09:25:05.587Z"}
{"level":"info","message":"request_start","method":"GET","path":"/metrics","request_id":"038d1680-bc2e-476d-b568-b4beac6cdb4a","timestamp":"2025-12-27T09:25:20.586Z"}
{"level":"info","message":"request_end","request_id":"038d1680-bc2e-476d-b568-b4beac6cdb4a","status_code":200,"timestamp":"2025-12-27T09:25:20.590Z"}
{"level":"info","message":"request_start","method":"GET","path":"/metrics","request_id":"ed7d7514-47c3-4f31-9b5b-792d929af840","timestamp":"2025-12-27T09:25:35.584Z"}
{"level":"info","message":"request_end","request_id":"ed7d7514-47c3-4f31-9b5b-792d929af840","status_code":200,"timestamp":"2025-12-27T09:25:35.589Z"}
{"level":"info","message":"request_start","method":"GET","path":"/metrics","request_id":"219f560f-7c12-4e84-a01a-92a5a8e42cd0","timestamp":"2025-12-27T09:25:50.584Z"}
{"level":"info","message":"request_end","request_id":"219f560f-7c12-4e84-a01a-92a5a8e42cd0","status_code":200,"timestamp":"2025-12-27T09:25:50.588Z"}
{"level":"info","message":"request_start","method":"GET","path":"/metrics","request_id":"612e84ac-27bb-4e60-89d5-647a349611b4","timestamp":"2025-12-27T09:26:05.584Z"}
{"level":"info","message":"request_end","request_id":"612e84ac-27bb-4e60-89d5-647a349611b4","status_code":200,"timestamp":"2025-12-27T09:26:05.588Z"}
{"level":"info","message":"request_start","method":"GET","path":"/metrics","request_id":"1355a410-9a3b-4a16-bf7f-0bf0a7a8624c","timestamp":"2025-12-27T09:26:20.580Z"}
{"level":"info","message":"request_end","request_id":"1355a410-9a3b-4a16-bf7f-0bf0a7a8624c","status_code":200,"timestamp":"2025-12-27T09:26:20.584Z"}
{"level":"info","message":"request_start","method":"GET","path":"/metrics","request_id":"800605c3-b570-4fd0-9044-d80fecf3eca2","timestamp":"2025-12-27T09:26:35.581Z"}
{"level":"info","message":"request_end","request_id":"800605c3-b570-4fd0-9044-d80fecf3eca2","status_code":200,"timestamp":"2025-12-27T09:26:35.584Z"}
{"level":"info","message":"request_start","method":"GET","path":"/metrics","request_id":"829e402e-489c-43ec-8fb4-8d78b6d496e8","timestamp":"2025-12-27T09:26:50.584Z"}
{"level":"info","message":"request_end","request_id":"829e402e-489c-43ec-8fb4-8d78b6d496e8","status_code":200,"timestamp":"2025-12-27T09:26:50.588Z"}
{"level":"info","message":"request_start","method":"GET","path":"/metrics","request_id":"6faa3737-7514-4cf8-a16f-8e4627116053","timestamp":"2025-12-27T09:27:05.579Z"}
{"level":"info","message":"request_end","request_id":"6faa3737-7514-4cf8-a16f-8e4627116053","status_code":200,"timestamp":"2025-12-27T09:27:05.584Z"}
{"level":"info","message":"request_start","method":"GET","path":"/metrics","request_id":"079cc1e4-71da-4714-8964-31de5656f775","timestamp":"2025-12-27T09:27:20.582Z"}
{"level":"info","message":"request_end","request_id":"079cc1e4-71da-4714-8964-31de5656f775","status_code":200,"timestamp":"2025-12-27T09:27:20.587Z"}
{"level":"info","message":"request_start","method":"GET","path":"/metrics","request_id":"6edec7e0-cd3f-4e31-9b2c-a136c8393256","timestamp":"2025-12-27T09:27:35.585Z"}
{"level":"info","message":"request_end","request_id":"6edec7e0-cd3f-4e31-9b2c-a136c8393256","status_code":200,"timestamp":"2025-12-27T09:27:35.590Z"}
{"level":"info","message":"request_start","method":"GET","path":"/metrics","request_id":"27a087ab-d067-4a12-a6a5-05e66207c0a3","timestamp":"2025-12-27T09:27:50.581Z"}
{"level":"info","message":"request_end","request_id":"27a087ab-d067-4a12-a6a5-05e66207c0a3","status_code":200,"timestamp":"2025-12-27T09:27:50.585Z"}
{"level":"info","message":"request_start","method":"GET","path":"/metrics","request_id":"0436929b-bba5-4a01-b731-000870313974","timestamp":"2025-12-27T09:28:05.583Z"}
{"level":"info","message":"request_end","request_id":"0436929b-bba5-4a01-b731-000870313974","status_code":200,"timestamp":"2025-12-27T09:28:05.587Z"}
{"level":"info","message":"request_start","method":"GET","path":"/metrics","request_id":"1ef073c9-2a80-4071-908a-a8fc7d4a0be5","timestamp":"2025-12-27T09:28:20.580Z"}
{"level":"info","message":"request_end","request_id":"1ef073c9-2a80-4071-908a-a8fc7d4a0be5","status_code":200,"timestamp":"2025-12-27T09:28:20.586Z"}
{"level":"info","message":"request_start","method":"GET","path":"/metrics","request_id":"66884e0c-3a37-4a0d-ab19-a9f0c7583e0f","timestamp":"2025-12-27T09:28:35.581Z"}
{"level":"info","message":"request_end","request_id":"66884e0c-3a37-4a0d-ab19-a9f0c7583e0f","status_code":200,"timestamp":"2025-12-27T09:28:35.586Z"}
{"level":"info","message":"request_start","method":"GET","path":"/metrics","request_id":"3e2daff5-7cbb-4831-9dd2-d158f178b89e","timestamp":"2025-12-27T09:28:50.579Z"}
{"level":"info","message":"request_end","request_id":"3e2daff5-7cbb-4831-9dd2-d158f178b89e","status_code":200,"timestamp":"2025-12-27T09:28:50.583Z"}
{"level":"info","message":"request_start","method":"GET","path":"/metrics","request_id":"bb0cdd3b-c639-41f1-b33a-b26bda9008f4","timestamp":"2025-12-27T09:29:05.578Z"}
{"level":"info","message":"request_end","request_id":"bb0cdd3b-c639-41f1-b33a-b26bda9008f4","status_code":200,"timestamp":"2025-12-27T09:29:05.583Z"}
{"level":"info","message":"request_start","method":"GET","path":"/metrics","request_id":"5406c98e-8e8b-464e-a24b-5e0ed36fd493","timestamp":"2025-12-27T09:29:20.578Z"}
{"level":"info","message":"request_end","request_id":"5406c98e-8e8b-464e-a24b-5e0ed36fd493","status_code":200,"timestamp":"2025-12-27T09:29:20.583Z"}
{"level":"info","message":"request_start","method":"GET","path":"/metrics","request_id":"426912f0-ec5b-45a8-9359-9e83dfc8cb49","timestamp":"2025-12-27T09:29:35.576Z"}
{"level":"info","message":"request_end","request_id":"426912f0-ec5b-45a8-9359-9e83dfc8cb49","status_code":200,"timestamp":"2025-12-27T09:29:35.581Z"}
{"level":"info","message":"request_start","method":"GET","path":"/metrics","request_id":"3ddc4d71-33e9-4e86-82ec-1fc97d175bf2","timestamp":"2025-12-27T09:29:50.578Z"}
{"level":"info","message":"request_end","request_id":"3ddc4d71-33e9-4e86-82ec-1fc97d175bf2","status_code":200,"timestamp":"2025-12-27T09:29:50.583Z"}
{"level":"info","message":"request_start","method":"GET","path":"/metrics","request_id":"c92e7c2e-ed71-4755-9e23-244aa5d1cb40","timestamp":"2025-12-27T09:30:05.582Z"}
{"level":"info","message":"request_end","request_id":"c92e7c2e-ed71-4755-9e23-244aa5d1cb40","status_code":200,"timestamp":"2025-12-27T09:30:05.586Z"}
{"level":"info","message":"request_start","method":"GET","path":"/metrics","request_id":"90a14bd2-b150-40fb-85f2-cb00cc1d2a6c","timestamp":"2025-12-27T09:30:20.577Z"}
{"level":"info","message":"request_end","request_id":"90a14bd2-b150-40fb-85f2-cb00cc1d2a6c","status_code":200,"timestamp":"2025-12-27T09:30:20.581Z"}
{"level":"info","message":"request_start","method":"GET","path":"/metrics","request_id":"e12f4a69-ae96-4605-ae14-4593a87731bb","timestamp":"2025-12-27T09:30:35.578Z"}
{"level":"info","message":"request_end","request_id":"e12f4a69-ae96-4605-ae14-4593a87731bb","status_code":200,"timestamp":"2025-12-27T09:30:35.582Z"}
{"level":"info","message":"request_start","method":"GET","path":"/metrics","request_id":"38ba2f9f-fa78-4329-be5a-22b93732fa16","timestamp":"2025-12-27T09:30:50.583Z"}
{"level":"info","message":"request_end","request_id":"38ba2f9f-fa78-4329-be5a-22b93732fa16","status_code":200,"timestamp":"2025-12-27T09:30:50.588Z"}
{"level":"info","message":"request_start","method":"GET","path":"/metrics","request_id":"28ba0ba5-d1b8-40b9-a5ef-463471b8ba81","timestamp":"2025-12-27T09:31:05.577Z"}
{"level":"info","message":"request_end","request_id":"28ba0ba5-d1b8-40b9-a5ef-463471b8ba81","status_code":200,"timestamp":"2025-12-27T09:31:05.582Z"}
{"level":"info","message":"request_start","method":"GET","path":"/metrics","request_id":"a18abee4-4f75-459d-9b08-b20b8bbd575e","timestamp":"2025-12-27T09:31:20.580Z"}
{"level":"info","message":"request_end","request_id":"a18abee4-4f75-459d-9b08-b20b8bbd575e","status_code":200,"timestamp":"2025-12-27T09:31:20.584Z"}
{"level":"info","message":"request_start","method":"GET","path":"/metrics","request_id":"bbcf0f5f-4dca-40ac-9fc9-e0e1d70fb9c5","timestamp":"2025-12-27T09:31:35.579Z"}
{"level":"info","message":"request_end","request_id":"bbcf0f5f-4dca-40ac-9fc9-e0e1d70fb9c5","status_code":200,"timestamp":"2025-12-27T09:31:35.583Z"}
{"level":"info","message":"request_start","method":"GET","path":"/metrics","request_id":"1e408e48-a2b7-44a6-8ce2-0fc37988a75b","timestamp":"2025-12-27T09:31:50.579Z"}
{"level":"info","message":"request_end","request_id":"1e408e48-a2b7-44a6-8ce2-0fc37988a75b","status_code":200,"timestamp":"2025-12-27T09:31:50.584Z"}
{"level":"info","message":"request_start","method":"GET","path":"/metrics","request_id":"76dfa692-c3fe-4331-b692-0fe3ae2a24c2","timestamp":"2025-12-27T09:32:05.576Z"}
{"level":"info","message":"request_end","request_id":"76dfa692-c3fe-4331-b692-0fe3ae2a24c2","status_code":200,"timestamp":"2025-12-27T09:32:05.580Z"}
{"level":"info","message":"request_start","method":"GET","path":"/metrics","request_id":"083cf98e-868d-4e61-8c1d-6fc1227831cf","timestamp":"2025-12-27T09:32:20.578Z"}
{"level":"info","message":"request_end","request_id":"083cf98e-868d-4e61-8c1d-6fc1227831cf","status_code":200,"timestamp":"2025-12-27T09:32:20.583Z"}
{"level":"info","message":"request_start","method":"GET","path":"/metrics","request_id":"48b223dd-343e-4ffa-863e-e0235e6005c2","timestamp":"2025-12-27T09:32:35.585Z"}
{"level":"info","message":"request_end","request_id":"48b223dd-343e-4ffa-863e-e0235e6005c2","status_code":200,"timestamp":"2025-12-27T09:32:35.590Z"}
{"level":"info","message":"request_start","method":"GET","path":"/metrics","request_id":"75220916-5d11-4061-8759-abcfb3119285","timestamp":"2025-12-27T09:32:50.582Z"}
{"level":"info","message":"request_end","request_id":"75220916-5d11-4061-8759-abcfb3119285","status_code":200,"timestamp":"2025-12-27T09:32:50.586Z"}
{"level":"info","message":"request_start","method":"GET","path":"/metrics","request_id":"58284761-8522-49ed-bc4f-321f1b66b673","timestamp":"2025-12-27T09:33:05.573Z"}
{"level":"info","message":"request_end","request_id":"58284761-8522-49ed-bc4f-321f1b66b673","status_code":200,"timestamp":"2025-12-27T09:33:05.577Z"}
{"level":"info","message":"request_start","method":"GET","path":"/metrics","request_id":"a7de3fc1-ccce-4888-a9f6-dab9ade15d5f","timestamp":"2025-12-27T09:33:20.575Z"}
{"level":"info","message":"request_end","request_id":"a7de3fc1-ccce-4888-a9f6-dab9ade15d5f","status_code":200,"timestamp":"2025-12-27T09:33:20.580Z"}
{"level":"info","message":"request_start","method":"GET","path":"/metrics","request_id":"90af6500-980e-4cc4-bb37-277ed3eb88b1","timestamp":"2025-12-27T09:33:35.575Z"}
{"level":"info","message":"request_end","request_id":"90af6500-980e-4cc4-bb37-277ed3eb88b1","status_code":200,"timestamp":"2025-12-27T09:33:35.579Z"}
{"level":"info","message":"request_start","method":"GET","path":"/metrics","request_id":"12d59049-031b-4549-ac39-a76510159509","timestamp":"2025-12-27T09:33:50.577Z"}
{"level":"info","message":"request_end","request_id":"12d59049-031b-4549-ac39-a76510159509","status_code":200,"timestamp":"2025-12-27T09:33:50.582Z"}
